{"/Users/n0159480/bootcamp/assignments/scrape-it-ts/frontend/src/App.tsx": {"path":"/Users/n0159480/bootcamp/assignments/scrape-it-ts/frontend/src/App.tsx","statementMap":{"0":{"start":{"line":1,"column":0},"end":{"line":1,"column":25}},"1":{"start":{"line":2,"column":0},"end":{"line":2,"column":30}},"2":{"start":{"line":3,"column":0},"end":{"line":3,"column":19}},"3":{"start":{"line":4,"column":0},"end":{"line":4,"column":36}},"4":{"start":{"line":5,"column":0},"end":{"line":5,"column":29}},"5":{"start":{"line":16,"column":0},"end":{"line":16,"column":33}},"6":{"start":{"line":16,"column":18},"end":{"line":16,"column":47}},"7":{"start":{"line":16,"column":0},"end":{"line":103,"column":0}},"8":{"start":{"line":17,"column":9},"end":{"line":24,"column":4}},"9":{"start":{"line":71,"column":10},"end":{"line":85,"column":4}},"10":{"start":{"line":72,"column":10},"end":{"line":72,"column":43}},"11":{"start":{"line":74,"column":6},"end":{"line":74,"column":35}},"12":{"start":{"line":75,"column":6},"end":{"line":75,"column":44}},"13":{"start":{"line":76,"column":23},"end":{"line":76,"column":115}},"14":{"start":{"line":76,"column":12},"end":{"line":76,"column":115}},"15":{"start":{"line":77,"column":12},"end":{"line":77,"column":46}},"16":{"start":{"line":78,"column":6},"end":{"line":78,"column":40}},"17":{"start":{"line":79,"column":6},"end":{"line":79,"column":42}},"18":{"start":{"line":81,"column":6},"end":{"line":81,"column":55}},"19":{"start":{"line":83,"column":6},"end":{"line":83,"column":45}},"20":{"start":{"line":87,"column":10},"end":{"line":90,"column":4}},"21":{"start":{"line":88,"column":4},"end":{"line":88,"column":27}},"22":{"start":{"line":89,"column":4},"end":{"line":89,"column":41}},"23":{"start":{"line":92,"column":10},"end":{"line":102,"column":3}},"24":{"start":{"line":94,"column":6},"end":{"line":94,"column":35}},"25":{"start":{"line":95,"column":23},"end":{"line":95,"column":103}},"26":{"start":{"line":95,"column":12},"end":{"line":95,"column":103}},"27":{"start":{"line":96,"column":6},"end":{"line":96,"column":45}},"28":{"start":{"line":98,"column":6},"end":{"line":98,"column":55}},"29":{"start":{"line":100,"column":6},"end":{"line":100,"column":45}},"30":{"start":{"line":26,"column":9},"end":{"line":28,"column":3}},"31":{"start":{"line":27,"column":4},"end":{"line":27,"column":60}},"32":{"start":{"line":30,"column":9},"end":{"line":69,"column":3}},"33":{"start":{"line":30,"column":2},"end":{"line":69,"column":2}},"34":{"start":{"line":31,"column":4},"end":{"line":68,"column":6}},"35":{"start":{"line":43,"column":64},"end":{"line":43,"column":124}},"36":{"start":{"line":56,"column":68},"end":{"line":56,"column":108}},"37":{"start":{"line":62,"column":68},"end":{"line":62,"column":111}},"38":{"start":{"line":103,"column":0},"end":{"line":103,"column":1}},"39":{"start":{"line":105,"column":0},"end":{"line":105,"column":19}}},"fnMap":{"0":{"name":"(anonymous_17)","decl":{"start":{"line":16,"column":0},"end":{"line":null,"column":-1}},"loc":{"start":{"line":16,"column":0},"end":{"line":16,"column":-1}}},"1":{"name":"(anonymous_19)","decl":{"start":{"line":71,"column":24},"end":{"line":71,"column":33}},"loc":{"start":{"line":71,"column":24},"end":{"line":85,"column":3}}},"2":{"name":"(anonymous_22)","decl":{"start":{"line":87,"column":19},"end":{"line":null,"column":-1}},"loc":{"start":{"line":87,"column":19},"end":{"line":90,"column":3}}},"3":{"name":"(anonymous_23)","decl":{"start":{"line":92,"column":24},"end":{"line":92,"column":33}},"loc":{"start":{"line":92,"column":24},"end":{"line":102,"column":3}}},"4":{"name":"(anonymous_26)","decl":{"start":{"line":26,"column":2},"end":{"line":null,"column":-1}},"loc":{"start":{"line":26,"column":2},"end":{"line":28,"column":3}}},"5":{"name":"(anonymous_27)","decl":{"start":{"line":30,"column":2},"end":{"line":null,"column":-1}},"loc":{"start":{"line":30,"column":2},"end":{"line":69,"column":3}}},"6":{"name":"(anonymous_28)","decl":{"start":{"line":43,"column":37},"end":{"line":43,"column":37}},"loc":{"start":{"line":43,"column":59},"end":{"line":43,"column":124}}},"7":{"name":"(anonymous_29)","decl":{"start":{"line":56,"column":24},"end":{"line":56,"column":24}},"loc":{"start":{"line":56,"column":63},"end":{"line":56,"column":108}}},"8":{"name":"(anonymous_30)","decl":{"start":{"line":62,"column":24},"end":{"line":62,"column":24}},"loc":{"start":{"line":62,"column":63},"end":{"line":62,"column":111}}}},"branchMap":{"0":{"loc":{"start":{"line":16,"column":0},"end":{"line":103,"column":0}},"type":"binary-expr","locations":[{"start":{"line":16,"column":0},"end":{"line":103,"column":0}},{"start":{"line":16,"column":0},"end":{"line":103,"column":0}},{"start":{"line":16,"column":0},"end":{"line":103,"column":0}}]},"1":{"loc":{"start":{"line":39,"column":10},"end":{"line":48,"column":16}},"type":"cond-expr","locations":[{"start":{"line":39,"column":10},"end":{"line":48,"column":16}},{"start":{"line":50,"column":10},"end":{"line":65,"column":16}}]}},"s":{"0":1,"1":1,"2":1,"3":1,"4":1,"5":1,"6":1,"7":7,"8":7,"9":7,"10":2,"11":2,"12":2,"13":2,"14":2,"15":1,"16":1,"17":1,"18":1,"19":2,"20":7,"21":1,"22":1,"23":7,"24":2,"25":2,"26":2,"27":1,"28":1,"29":2,"30":1,"31":7,"32":1,"33":35,"34":35,"35":2,"36":1,"37":1,"38":1,"39":1},"f":{"0":8,"1":2,"2":1,"3":2,"4":7,"5":35,"6":2,"7":1,"8":1},"b":{"0":[7,7,7],"1":[12,23]}}
,"/Users/n0159480/bootcamp/assignments/scrape-it-ts/frontend/src/session.ts": {"path":"/Users/n0159480/bootcamp/assignments/scrape-it-ts/frontend/src/session.ts","statementMap":{"0":{"start":{"line":2,"column":13},"end":{"line":5,"column":2}},"1":{"start":{"line":3,"column":2},"end":{"line":3,"column":39}},"2":{"start":{"line":4,"column":2},"end":{"line":4,"column":41}},"3":{"start":{"line":8,"column":13},"end":{"line":11,"column":2}},"4":{"start":{"line":9,"column":2},"end":{"line":9,"column":35}},"5":{"start":{"line":10,"column":2},"end":{"line":10,"column":36}},"6":{"start":{"line":14,"column":13},"end":{"line":20,"column":2}},"7":{"start":{"line":15,"column":17},"end":{"line":15,"column":47}},"8":{"start":{"line":16,"column":2},"end":{"line":18,"column":3}},"9":{"start":{"line":17,"column":4},"end":{"line":17,"column":43}},"10":{"start":{"line":19,"column":2},"end":{"line":19,"column":15}},"11":{"start":{"line":23,"column":13},"end":{"line":25,"column":3}},"12":{"start":{"line":23,"column":36},"end":{"line":25,"column":2}}},"fnMap":{"0":{"name":"(anonymous_0)","decl":{"start":{"line":2,"column":26},"end":{"line":2,"column":26}},"loc":{"start":{"line":2,"column":56},"end":{"line":5,"column":1}}},"1":{"name":"(anonymous_1)","decl":{"start":{"line":8,"column":28},"end":{"line":null,"column":-1}},"loc":{"start":{"line":8,"column":28},"end":{"line":11,"column":1}}},"2":{"name":"(anonymous_2)","decl":{"start":{"line":14,"column":30},"end":{"line":null,"column":-1}},"loc":{"start":{"line":14,"column":30},"end":{"line":20,"column":1}}},"3":{"name":"(anonymous_3)","decl":{"start":{"line":23,"column":30},"end":{"line":23,"column":35}},"loc":{"start":{"line":23,"column":30},"end":{"line":25,"column":2}}}},"branchMap":{"0":{"loc":{"start":{"line":16,"column":2},"end":{"line":18,"column":3}},"type":"if","locations":[{"start":{"line":16,"column":2},"end":{"line":18,"column":3}},{"start":{"line":16,"column":2},"end":{"line":18,"column":3}}]}},"s":{"0":1,"1":1,"2":1,"3":1,"4":1,"5":1,"6":1,"7":7,"8":7,"9":1,"10":6,"11":1,"12":2},"f":{"0":1,"1":1,"2":7,"3":2},"b":{"0":[1,6]}}
,"/Users/n0159480/bootcamp/assignments/scrape-it-ts/frontend/src/setupTests.ts": {"path":"/Users/n0159480/bootcamp/assignments/scrape-it-ts/frontend/src/setupTests.ts","statementMap":{"0":{"start":{"line":1,"column":0},"end":{"line":1,"column":34}},"1":{"start":{"line":2,"column":0},"end":{"line":2,"column":50}},"2":{"start":{"line":3,"column":0},"end":{"line":3,"column":32}},"3":{"start":{"line":5,"column":0},"end":{"line":5,"column":38}}},"fnMap":{},"branchMap":{},"s":{"0":1,"1":1,"2":1,"3":1},"f":{},"b":{}}
}
