TN:
SF:/Users/n0159480/bootcamp/assignments/scrape-it-ts/frontend/src/App.tsx
FN:16,(anonymous_17)
FN:71,(anonymous_19)
FN:87,(anonymous_22)
FN:92,(anonymous_23)
FN:26,(anonymous_26)
FN:30,(anonymous_27)
FN:43,(anonymous_28)
FN:56,(anonymous_29)
FN:62,(anonymous_30)
FNF:9
FNH:9
FNDA:8,(anonymous_17)
FNDA:2,(anonymous_19)
FNDA:1,(anonymous_22)
FNDA:2,(anonymous_23)
FNDA:7,(anonymous_26)
FNDA:35,(anonymous_27)
FNDA:2,(anonymous_28)
FNDA:1,(anonymous_29)
FNDA:1,(anonymous_30)
DA:1,1
DA:2,1
DA:3,1
DA:4,1
DA:5,1
DA:16,7
DA:17,7
DA:26,1
DA:27,7
DA:30,35
DA:31,35
DA:43,2
DA:56,1
DA:62,1
DA:71,7
DA:72,2
DA:74,2
DA:75,2
DA:76,2
DA:77,1
DA:78,1
DA:79,1
DA:81,1
DA:83,2
DA:87,7
DA:88,1
DA:89,1
DA:92,7
DA:94,2
DA:95,2
DA:96,1
DA:98,1
DA:100,2
DA:103,1
DA:105,1
LF:35
LH:35
BRDA:16,0,0,7
BRDA:16,0,1,7
BRDA:16,0,2,7
BRDA:39,1,0,12
BRDA:39,1,1,23
BRF:5
BRH:5
end_of_record
TN:
SF:/Users/n0159480/bootcamp/assignments/scrape-it-ts/frontend/src/session.ts
FN:2,(anonymous_0)
FN:8,(anonymous_1)
FN:14,(anonymous_2)
FN:23,(anonymous_3)
FNF:4
FNH:4
FNDA:1,(anonymous_0)
FNDA:1,(anonymous_1)
FNDA:7,(anonymous_2)
FNDA:2,(anonymous_3)
DA:2,1
DA:3,1
DA:4,1
DA:8,1
DA:9,1
DA:10,1
DA:14,1
DA:15,7
DA:16,7
DA:17,1
DA:19,6
DA:23,2
LF:12
LH:12
BRDA:16,0,0,1
BRDA:16,0,1,6
BRF:2
BRH:2
end_of_record
TN:
SF:/Users/n0159480/bootcamp/assignments/scrape-it-ts/frontend/src/setupTests.ts
FNF:0
FNH:0
DA:1,1
DA:2,1
DA:3,1
DA:5,1
LF:4
LH:4
BRF:0
BRH:0
end_of_record
