{"/Users/n0159480/bootcamp/assignments/scrape-it-ts/backend/scripts/populateDatabase.ts": {"path":"/Users/n0159480/bootcamp/assignments/scrape-it-ts/backend/scripts/populateDatabase.ts","statementMap":{"0":{"start":{"line":1,"column":0},"end":{"line":1,"column":-1}},"1":{"start":{"line":3,"column":0},"end":{"line":3,"column":-1}},"2":{"start":{"line":4,"column":0},"end":{"line":4,"column":-1}},"3":{"start":{"line":6,"column":25},"end":{"line":6,"column":0}},"4":{"start":{"line":6,"column":36},"end":{"line":6,"column":0}},"5":{"start":{"line":7,"column":2},"end":{"line":31,"column":3}},"6":{"start":{"line":8,"column":18},"end":{"line":8,"column":4}},"7":{"start":{"line":9,"column":18},"end":{"line":9,"column":4}},"8":{"start":{"line":10,"column":4},"end":{"line":28,"column":5}},"9":{"start":{"line":11,"column":6},"end":{"line":null,"column":-1}},"10":{"start":{"line":12,"column":19},"end":{"line":12,"column":6}},"11":{"start":{"line":13,"column":6},"end":{"line":null,"column":-1}},"12":{"start":{"line":14,"column":6},"end":{"line":null,"column":-1}},"13":{"start":{"line":15,"column":6},"end":{"line":null,"column":-1}},"14":{"start":{"line":16,"column":6},"end":{"line":null,"column":-1}},"15":{"start":{"line":17,"column":23},"end":{"line":17,"column":6}},"16":{"start":{"line":24,"column":6},"end":{"line":null,"column":-1}},"17":{"start":{"line":25,"column":6},"end":{"line":null,"column":-1}},"18":{"start":{"line":27,"column":6},"end":{"line":null,"column":-1}},"19":{"start":{"line":30,"column":4},"end":{"line":null,"column":-1}},"20":{"start":{"line":34,"column":0},"end":{"line":null,"column":-1}}},"fnMap":{"0":{"name":"(anonymous_6)","decl":{"start":{"line":6,"column":25},"end":{"line":6,"column":35}},"loc":{"start":{"line":6,"column":36},"end":{"line":6,"column":0}}},"1":{"name":"(anonymous_7)","decl":{"start":{"line":6,"column":36},"end":{"line":6,"column":35}},"loc":{"start":{"line":6,"column":36},"end":{"line":6,"column":35}}}},"branchMap":{"0":{"loc":{"start":{"line":10,"column":4},"end":{"line":28,"column":5}},"type":"if","locations":[{"start":{"line":10,"column":4},"end":{"line":28,"column":5}},{"start":{"line":10,"column":4},"end":{"line":28,"column":5}}]},"1":{"loc":{"start":{"line":10,"column":8},"end":{"line":10,"column":7}},"type":"binary-expr","locations":[{"start":{"line":10,"column":8},"end":{"line":10,"column":7}},{"start":{"line":10,"column":30},"end":{"line":10,"column":4}}]}},"s":{"0":0,"1":0,"2":0,"3":0,"4":0,"5":0,"6":0,"7":0,"8":0,"9":0,"10":0,"11":0,"12":0,"13":0,"14":0,"15":0,"16":0,"17":0,"18":0,"19":0,"20":0},"f":{"0":0,"1":0},"b":{"0":[0,0],"1":[0,0]}}
,"/Users/n0159480/bootcamp/assignments/scrape-it-ts/backend/server/config.ts": {"path":"/Users/n0159480/bootcamp/assignments/scrape-it-ts/backend/server/config.ts","statementMap":{"0":{"start":{"line":1,"column":0},"end":{"line":1,"column":34}},"1":{"start":{"line":4,"column":13},"end":{"line":6,"column":3}}},"fnMap":{},"branchMap":{},"s":{"0":2,"1":2},"f":{},"b":{}}
,"/Users/n0159480/bootcamp/assignments/scrape-it-ts/backend/server/items/item.model.ts": {"path":"/Users/n0159480/bootcamp/assignments/scrape-it-ts/backend/server/items/item.model.ts","statementMap":{"0":{"start":{"line":1,"column":0},"end":{"line":1,"column":50}},"1":{"start":{"line":7,"column":43},"end":{"line":16,"column":1}},"2":{"start":{"line":19,"column":19},"end":{"line":19,"column":44}},"3":{"start":{"line":21,"column":0},"end":{"line":21,"column":50}}},"fnMap":{},"branchMap":{},"s":{"0":2,"1":2,"2":2,"3":2},"f":{},"b":{}}
,"/Users/n0159480/bootcamp/assignments/scrape-it-ts/backend/server/items/items.controller.ts": {"path":"/Users/n0159480/bootcamp/assignments/scrape-it-ts/backend/server/items/items.controller.ts","statementMap":{"0":{"start":{"line":1,"column":0},"end":{"line":1,"column":41}},"1":{"start":{"line":2,"column":0},"end":{"line":2,"column":34}},"2":{"start":{"line":3,"column":0},"end":{"line":3,"column":37}},"3":{"start":{"line":4,"column":0},"end":{"line":4,"column":31}},"4":{"start":{"line":6,"column":15},"end":{"line":6,"column":31}},"5":{"start":{"line":8,"column":0},"end":{"line":11,"column":3}},"6":{"start":{"line":8,"column":61},"end":{"line":11,"column":1}},"7":{"start":{"line":9,"column":16},"end":{"line":9,"column":33}},"8":{"start":{"line":10,"column":2},"end":{"line":10,"column":42}},"9":{"start":{"line":13,"column":0},"end":{"line":21,"column":3}},"10":{"start":{"line":13,"column":81},"end":{"line":21,"column":1}},"11":{"start":{"line":14,"column":2},"end":{"line":20,"column":3}},"12":{"start":{"line":15,"column":17},"end":{"line":15,"column":39}},"13":{"start":{"line":16,"column":4},"end":{"line":16,"column":22}},"14":{"start":{"line":17,"column":4},"end":{"line":17,"column":52}},"15":{"start":{"line":19,"column":4},"end":{"line":19,"column":44}},"16":{"start":{"line":23,"column":0},"end":{"line":23,"column":22}}},"fnMap":{"0":{"name":"(anonymous_6)","decl":{"start":{"line":8,"column":33},"end":{"line":8,"column":40}},"loc":{"start":{"line":8,"column":61},"end":{"line":11,"column":1}}},"1":{"name":"(anonymous_7)","decl":{"start":{"line":8,"column":61},"end":{"line":null,"column":-1}},"loc":{"start":{"line":8,"column":61},"end":{"line":11,"column":1}}},"2":{"name":"(anonymous_8)","decl":{"start":{"line":13,"column":53},"end":{"line":13,"column":60}},"loc":{"start":{"line":13,"column":81},"end":{"line":21,"column":1}}},"3":{"name":"(anonymous_9)","decl":{"start":{"line":13,"column":81},"end":{"line":null,"column":-1}},"loc":{"start":{"line":13,"column":81},"end":{"line":21,"column":1}}}},"branchMap":{},"s":{"0":2,"1":2,"2":2,"3":2,"4":2,"5":2,"6":1,"7":1,"8":1,"9":2,"10":2,"11":2,"12":2,"13":2,"14":1,"15":1,"16":2},"f":{"0":1,"1":1,"2":2,"3":2},"b":{}}
,"/Users/n0159480/bootcamp/assignments/scrape-it-ts/backend/server/users/user.model.ts": {"path":"/Users/n0159480/bootcamp/assignments/scrape-it-ts/backend/server/users/user.model.ts","statementMap":{"0":{"start":{"line":1,"column":0},"end":{"line":1,"column":48}},"1":{"start":{"line":2,"column":0},"end":{"line":2,"column":35}},"2":{"start":{"line":3,"column":0},"end":{"line":3,"column":50}},"3":{"start":{"line":18,"column":39},"end":{"line":33,"column":1}},"4":{"start":{"line":36,"column":19},"end":{"line":36,"column":44}},"5":{"start":{"line":47,"column":4},"end":{"line":47,"column":48}},"6":{"start":{"line":48,"column":4},"end":{"line":48,"column":87}},"7":{"start":{"line":53,"column":17},"end":{"line":53,"column":87}},"8":{"start":{"line":54,"column":4},"end":{"line":54,"column":30}},"9":{"start":{"line":59,"column":19},"end":{"line":59,"column":29}},"10":{"start":{"line":60,"column":4},"end":{"line":60,"column":48}},"11":{"start":{"line":62,"column":18},"end":{"line":66,"column":38}},"12":{"start":{"line":68,"column":4},"end":{"line":68,"column":29}},"13":{"start":{"line":73,"column":0},"end":{"line":73,"column":32}},"14":{"start":{"line":75,"column":0},"end":{"line":75,"column":50}}},"fnMap":{"0":{"name":"(anonymous_0)","decl":{"start":{"line":46,"column":9},"end":{"line":46,"column":19}},"loc":{"start":{"line":46,"column":37},"end":{"line":49,"column":3}}},"1":{"name":"(anonymous_1)","decl":{"start":{"line":52,"column":9},"end":{"line":52,"column":23}},"loc":{"start":{"line":52,"column":41},"end":{"line":55,"column":3}}},"2":{"name":"(anonymous_2)","decl":{"start":{"line":58,"column":9},"end":{"line":58,"column":19}},"loc":{"start":{"line":58,"column":20},"end":{"line":69,"column":3}}}},"branchMap":{},"s":{"0":2,"1":2,"2":2,"3":2,"4":2,"5":6,"6":6,"7":3,"8":3,"9":6,"10":6,"11":6,"12":6,"13":2,"14":2},"f":{"0":6,"1":3,"2":6},"b":{}}
,"/Users/n0159480/bootcamp/assignments/scrape-it-ts/backend/server/users/users.controller.ts": {"path":"/Users/n0159480/bootcamp/assignments/scrape-it-ts/backend/server/users/users.controller.ts","statementMap":{"0":{"start":{"line":1,"column":0},"end":{"line":1,"column":41}},"1":{"start":{"line":2,"column":0},"end":{"line":2,"column":32}},"2":{"start":{"line":4,"column":0},"end":{"line":4,"column":36}},"3":{"start":{"line":5,"column":0},"end":{"line":5,"column":41}},"4":{"start":{"line":6,"column":0},"end":{"line":6,"column":37}},"5":{"start":{"line":7,"column":0},"end":{"line":7,"column":31}},"6":{"start":{"line":9,"column":0},"end":{"line":23,"column":4}},"7":{"start":{"line":9,"column":89},"end":{"line":23,"column":1}},"8":{"start":{"line":10,"column":2},"end":{"line":22,"column":3}},"9":{"start":{"line":12,"column":17},"end":{"line":12,"column":56}},"10":{"start":{"line":14,"column":4},"end":{"line":19,"column":5}},"11":{"start":{"line":15,"column":6},"end":{"line":15,"column":30}},"12":{"start":{"line":18,"column":6},"end":{"line":18,"column":45}},"13":{"start":{"line":21,"column":4},"end":{"line":21,"column":23}},"14":{"start":{"line":25,"column":15},"end":{"line":25,"column":23}},"15":{"start":{"line":27,"column":0},"end":{"line":40,"column":3}},"16":{"start":{"line":27,"column":78},"end":{"line":40,"column":1}},"17":{"start":{"line":28,"column":2},"end":{"line":39,"column":3}},"18":{"start":{"line":29,"column":17},"end":{"line":29,"column":27}},"19":{"start":{"line":30,"column":4},"end":{"line":30,"column":36}},"20":{"start":{"line":32,"column":4},"end":{"line":32,"column":44}},"21":{"start":{"line":33,"column":4},"end":{"line":33,"column":22}},"22":{"start":{"line":35,"column":27},"end":{"line":35,"column":45}},"23":{"start":{"line":36,"column":4},"end":{"line":36,"column":53}},"24":{"start":{"line":38,"column":4},"end":{"line":38,"column":44}},"25":{"start":{"line":42,"column":0},"end":{"line":52,"column":3}},"26":{"start":{"line":44,"column":2},"end":{"line":51,"column":24}},"27":{"start":{"line":45,"column":4},"end":{"line":47,"column":5}},"28":{"start":{"line":46,"column":6},"end":{"line":46,"column":65}},"29":{"start":{"line":49,"column":27},"end":{"line":49,"column":45}},"30":{"start":{"line":50,"column":4},"end":{"line":50,"column":53}},"31":{"start":{"line":55,"column":0},"end":{"line":58,"column":3}},"32":{"start":{"line":55,"column":68},"end":{"line":58,"column":1}},"33":{"start":{"line":56,"column":15},"end":{"line":56,"column":52}},"34":{"start":{"line":57,"column":2},"end":{"line":57,"column":41}},"35":{"start":{"line":60,"column":0},"end":{"line":60,"column":22}}},"fnMap":{"0":{"name":"(anonymous_6)","decl":{"start":{"line":9,"column":54},"end":{"line":9,"column":61}},"loc":{"start":{"line":9,"column":89},"end":{"line":23,"column":1}}},"1":{"name":"(anonymous_7)","decl":{"start":{"line":9,"column":89},"end":{"line":null,"column":-1}},"loc":{"start":{"line":9,"column":89},"end":{"line":23,"column":1}}},"2":{"name":"(anonymous_8)","decl":{"start":{"line":27,"column":50},"end":{"line":27,"column":57}},"loc":{"start":{"line":27,"column":78},"end":{"line":40,"column":1}}},"3":{"name":"(anonymous_9)","decl":{"start":{"line":27,"column":78},"end":{"line":null,"column":-1}},"loc":{"start":{"line":27,"column":78},"end":{"line":40,"column":1}}},"4":{"name":"(anonymous_10)","decl":{"start":{"line":42,"column":47},"end":{"line":42,"column":48}},"loc":{"start":{"line":42,"column":69},"end":{"line":52,"column":1}}},"5":{"name":"(anonymous_11)","decl":{"start":{"line":44,"column":33},"end":{"line":44,"column":34}},"loc":{"start":{"line":44,"column":49},"end":{"line":51,"column":3}}},"6":{"name":"(anonymous_12)","decl":{"start":{"line":55,"column":40},"end":{"line":55,"column":47}},"loc":{"start":{"line":55,"column":68},"end":{"line":58,"column":1}}},"7":{"name":"(anonymous_13)","decl":{"start":{"line":55,"column":68},"end":{"line":null,"column":-1}},"loc":{"start":{"line":55,"column":68},"end":{"line":58,"column":1}}}},"branchMap":{"0":{"loc":{"start":{"line":14,"column":4},"end":{"line":19,"column":5}},"type":"if","locations":[{"start":{"line":14,"column":4},"end":{"line":19,"column":5}},{"start":{"line":14,"column":4},"end":{"line":19,"column":5}}]},"1":{"loc":{"start":{"line":14,"column":8},"end":{"line":14,"column":12}},"type":"binary-expr","locations":[{"start":{"line":14,"column":8},"end":{"line":14,"column":12}},{"start":{"line":14,"column":16},"end":{"line":14,"column":46}}]},"2":{"loc":{"start":{"line":45,"column":4},"end":{"line":47,"column":5}},"type":"if","locations":[{"start":{"line":45,"column":4},"end":{"line":47,"column":5}},{"start":{"line":45,"column":4},"end":{"line":47,"column":5}}]}},"s":{"0":2,"1":2,"2":2,"3":2,"4":2,"5":2,"6":2,"7":3,"8":3,"9":3,"10":3,"11":2,"12":1,"13":1,"14":2,"15":2,"16":5,"17":5,"18":5,"19":5,"20":5,"21":4,"22":4,"23":4,"24":1,"25":2,"26":3,"27":3,"28":1,"29":2,"30":2,"31":2,"32":1,"33":1,"34":1,"35":2},"f":{"0":3,"1":3,"2":5,"3":5,"4":3,"5":3,"6":1,"7":1},"b":{"0":[2,1],"1":[3,3],"2":[1,2]}}
}
