TN:
SF:/Users/n0159480/bootcamp/assignments/scrape-it-ts/backend/scripts/populateDatabase.ts
FN:6,(anonymous_6)
FN:6,(anonymous_7)
FNF:2
FNH:0
FNDA:0,(anonymous_6)
FNDA:0,(anonymous_7)
DA:1,0
DA:3,0
DA:4,0
DA:6,0
DA:7,0
DA:8,0
DA:9,0
DA:10,0
DA:11,0
DA:12,0
DA:13,0
DA:14,0
DA:15,0
DA:16,0
DA:17,0
DA:24,0
DA:25,0
DA:27,0
DA:30,0
DA:34,0
LF:20
LH:0
BRDA:10,0,0,0
BRDA:10,0,1,0
BRDA:10,1,0,0
BRDA:10,1,1,0
BRF:4
BRH:0
end_of_record
TN:
SF:/Users/n0159480/bootcamp/assignments/scrape-it-ts/backend/server/config.ts
FNF:0
FNH:0
DA:1,2
DA:4,2
LF:2
LH:2
BRF:0
BRH:0
end_of_record
TN:
SF:/Users/n0159480/bootcamp/assignments/scrape-it-ts/backend/server/items/item.model.ts
FNF:0
FNH:0
DA:1,2
DA:7,2
DA:19,2
DA:21,2
LF:4
LH:4
BRF:0
BRH:0
end_of_record
TN:
SF:/Users/n0159480/bootcamp/assignments/scrape-it-ts/backend/server/items/items.controller.ts
FN:8,(anonymous_6)
FN:8,(anonymous_7)
FN:13,(anonymous_8)
FN:13,(anonymous_9)
FNF:4
FNH:4
FNDA:1,(anonymous_6)
FNDA:1,(anonymous_7)
FNDA:2,(anonymous_8)
FNDA:2,(anonymous_9)
DA:1,2
DA:2,2
DA:3,2
DA:4,2
DA:6,2
DA:8,2
DA:9,1
DA:10,1
DA:13,2
DA:14,2
DA:15,2
DA:16,2
DA:17,1
DA:19,1
DA:23,2
LF:15
LH:15
BRF:0
BRH:0
end_of_record
TN:
SF:/Users/n0159480/bootcamp/assignments/scrape-it-ts/backend/server/users/user.model.ts
FN:46,(anonymous_0)
FN:52,(anonymous_1)
FN:58,(anonymous_2)
FNF:3
FNH:3
FNDA:6,(anonymous_0)
FNDA:3,(anonymous_1)
FNDA:6,(anonymous_2)
DA:1,2
DA:2,2
DA:3,2
DA:18,2
DA:36,2
DA:47,6
DA:48,6
DA:53,3
DA:54,3
DA:59,6
DA:60,6
DA:62,6
DA:68,6
DA:73,2
DA:75,2
LF:15
LH:15
BRF:0
BRH:0
end_of_record
TN:
SF:/Users/n0159480/bootcamp/assignments/scrape-it-ts/backend/server/users/users.controller.ts
FN:9,(anonymous_6)
FN:9,(anonymous_7)
FN:27,(anonymous_8)
FN:27,(anonymous_9)
FN:42,(anonymous_10)
FN:44,(anonymous_11)
FN:55,(anonymous_12)
FN:55,(anonymous_13)
FNF:8
FNH:8
FNDA:3,(anonymous_6)
FNDA:3,(anonymous_7)
FNDA:5,(anonymous_8)
FNDA:5,(anonymous_9)
FNDA:3,(anonymous_10)
FNDA:3,(anonymous_11)
FNDA:1,(anonymous_12)
FNDA:1,(anonymous_13)
DA:1,2
DA:2,2
DA:4,2
DA:5,2
DA:6,2
DA:7,2
DA:9,3
DA:10,3
DA:12,3
DA:14,3
DA:15,2
DA:18,1
DA:21,1
DA:25,2
DA:27,5
DA:28,5
DA:29,5
DA:30,5
DA:32,5
DA:33,4
DA:35,4
DA:36,4
DA:38,1
DA:42,2
DA:44,3
DA:45,3
DA:46,1
DA:49,2
DA:50,2
DA:55,2
DA:56,1
DA:57,1
DA:60,2
LF:33
LH:33
BRDA:14,0,0,2
BRDA:14,0,1,1
BRDA:14,1,0,3
BRDA:14,1,1,3
BRDA:45,2,0,1
BRDA:45,2,1,2
BRF:6
BRH:6
end_of_record
